<?xml version="1.0" encoding="UTF-8"?>
<!-- Generated by org.testng.reporters.JUnitXMLReporter -->
<testsuite ignored="0" hostname="MSI" failures="0" tests="9" name="Test" time="4.519" errors="0" timestamp="2024-01-26T15:16:00 IST">
  <testcase classname="ATE_capstone.capstone_project.Sporty_shoes" name="testAddproduct" time="0.925"/>
  <testcase classname="ATE_capstone.capstone_project.Sporty_shoes" name="testDeleteproduct" time="0.015"/>
  <testcase classname="ATE_capstone.capstone_project.Sporty_shoes" name="testGetProductList" time="0.04"/>
  <testcase classname="ATE_capstone.capstone_project.Sporty_shoes" name="testGetusers" time="0.012"/>
  <testcase classname="ATE_capstone.capstone_project.Sporty_shoes" name="testUpdateproduct" time="0.012"/>
  <testcase classname="ATE_capstone.capstone_project.Sporty_shoes_selenium" name="testAddProductToCartPage" time="0.912"/>
  <testcase classname="ATE_capstone.capstone_project.Sporty_shoes_selenium" name="testLoginPage" time="0.228"/>
  <testcase classname="ATE_capstone.capstone_project.Sporty_shoes_selenium" name="testPlaceOrderPage" time="0.341"/>
  <testcase classname="ATE_capstone.capstone_project.Sporty_shoes_selenium" name="testRegistrationPage" time="0.236"/>
</testsuite> <!-- Test -->
